<?xml version="1.0" encoding="UTF-8"?>
<!-- Generated by org.testng.reporters.JUnitXMLReporter -->
<testsuite hostname="ShigaLaptop" failures="0" tests="5" name="HomeUsermenu" time="36.715" errors="0" timestamp="2 Apr 2024 14:02:54 GMT">
  <testcase classname="com.training.testcases.HomeTest5" name="login" time="3.283"/>
  <testcase classname="com.training.testcases.HomeTestMyProfileTC06" name="UsermenuProfile" time="12.499"/>
  <testcase classname="com.training.testcases.HomeTestMySettingsTC07" name="UsermenuProfile" time="6.85"/>
  <testcase classname="com.training.testcases.HomeTestDEvlprCOnslTC08" name="UsermenuDeveloperConsole" time="3.453"/>
  <testcase classname="com.training.testcases.HomeLogoutTC09" name="UsermenuLogout" time="3.325"/>
</testsuite> <!-- HomeUsermenu -->
