<?xml version="1.0" encoding="UTF-8"?>
<!-- Generated by org.testng.reporters.JUnitXMLReporter -->
<testsuite hostname="ShigaLaptop" failures="0" tests="5" name="Login" time="16.476" errors="0" timestamp="2 Apr 2024 14:02:17 GMT">
  <testcase classname="com.training.testcases.LoginTestTC01" name="invalidlogin" time="0.572"/>
  <testcase classname="com.training.testcases.LoginTest2" name="login" time="1.005"/>
  <testcase classname="com.training.testcases.LoginTest03" name="login" time="4.044"/>
  <testcase classname="com.training.testcases.LoginTestTC4a" name="login" time="1.13"/>
  <testcase classname="com.training.testcases.LoginTestTC4b" name="login" time="0.931"/>
</testsuite> <!-- Login -->
