<?xml version="1.0" encoding="UTF-8"?>
<testng-results total="5" passed="4" failed="1" skipped="0">
  <reporter-output>
  </reporter-output>
  <suite started-at="2024-04-17T22:12:29Z" name="Default suite" finished-at="2024-04-17T22:12:51Z" duration-ms="21748">
    <groups>
    </groups>
    <test started-at="2024-04-17T22:12:29Z" name="Default test" finished-at="2024-04-17T22:12:51Z" duration-ms="21748">
      <class name="com.training.testcases.AccountTest">
        <test-method is-config="true" signature="beforeMethod()[pri:0, instance:com.training.testcases.AccountTest@71075444]" started-at="2024-04-17T18:12:29Z" name="beforeMethod" finished-at="2024-04-17T18:12:31Z" duration-ms="1523" status="PASS">
          <reporter-output>
          </reporter-output>
        </test-method> <!-- beforeMethod -->
        <test-method signature="AccountReport14()[pri:0, instance:com.training.testcases.AccountTest@71075444]" started-at="2024-04-17T18:12:31Z" name="AccountReport14" finished-at="2024-04-17T18:12:36Z" duration-ms="5707" status="PASS">
          <reporter-output>
          </reporter-output>
        </test-method> <!-- AccountReport14 -->
        <test-method is-config="true" signature="beforeMethod()[pri:0, instance:com.training.testcases.AccountTest@71075444]" started-at="2024-04-17T18:12:36Z" name="beforeMethod" finished-at="2024-04-17T18:12:36Z" duration-ms="93" status="PASS">
          <reporter-output>
          </reporter-output>
        </test-method> <!-- beforeMethod -->
        <test-method signature="accountNewViewcreation11()[pri:0, instance:com.training.testcases.AccountTest@71075444]" started-at="2024-04-17T18:12:36Z" name="accountNewViewcreation11" finished-at="2024-04-17T18:12:40Z" duration-ms="3501" status="PASS">
          <reporter-output>
          </reporter-output>
        </test-method> <!-- accountNewViewcreation11 -->
        <test-method is-config="true" signature="beforeMethod()[pri:0, instance:com.training.testcases.AccountTest@71075444]" started-at="2024-04-17T18:12:40Z" name="beforeMethod" finished-at="2024-04-17T18:12:40Z" duration-ms="99" status="PASS">
          <reporter-output>
          </reporter-output>
        </test-method> <!-- beforeMethod -->
        <test-method signature="accountcreation10()[pri:0, instance:com.training.testcases.AccountTest@71075444]" started-at="2024-04-17T18:12:40Z" name="accountcreation10" finished-at="2024-04-17T18:12:45Z" duration-ms="4748" status="PASS">
          <reporter-output>
          </reporter-output>
        </test-method> <!-- accountcreation10 -->
        <test-method is-config="true" signature="beforeMethod()[pri:0, instance:com.training.testcases.AccountTest@71075444]" started-at="2024-04-17T18:12:45Z" name="beforeMethod" finished-at="2024-04-17T18:12:45Z" duration-ms="106" status="PASS">
          <reporter-output>
          </reporter-output>
        </test-method> <!-- beforeMethod -->
        <test-method signature="editviewname12()[pri:0, instance:com.training.testcases.AccountTest@71075444]" started-at="2024-04-17T18:12:45Z" name="editviewname12" finished-at="2024-04-17T18:12:47Z" duration-ms="2441" status="FAIL">
          <exception class="org.openqa.selenium.NoSuchElementException">
            <message>
              <![CDATA[Cannot locate element with text: newViewname
For documentation on this error, please visit: https://www.seleniumhq.org/exceptions/no_such_element.html
Build info: version: '3.141.59', revision: 'e82be7d358', time: '2018-11-14T08:17:03'
System info: host: 'SHIGALAPTOP', ip: '192.168.1.233', os.name: 'Windows 11', os.arch: 'amd64', os.version: '10.0', java.version: '17.0.9'
Driver info: driver.version: unknown]]>
            </message>
            <full-stacktrace>
              <![CDATA[org.openqa.selenium.NoSuchElementException: Cannot locate element with text: newViewname
For documentation on this error, please visit: https://www.seleniumhq.org/exceptions/no_such_element.html
Build info: version: '3.141.59', revision: 'e82be7d358', time: '2018-11-14T08:17:03'
System info: host: 'SHIGALAPTOP', ip: '192.168.1.233', os.name: 'Windows 11', os.arch: 'amd64', os.version: '10.0', java.version: '17.0.9'
Driver info: driver.version: unknown
	at org.openqa.selenium.support.ui.Select.selectByVisibleText(Select.java:147)
	at com.training.base.BasePage.selectText(BasePage.java:92)
	at com.training.pages.AccountPage.selectview(AccountPage.java:111)
	at com.training.testcases.AccountTest.editviewname12(AccountTest.java:88)
	at java.base/jdk.internal.reflect.NativeMethodAccessorImpl.invoke0(Native Method)
	at java.base/jdk.internal.reflect.NativeMethodAccessorImpl.invoke(NativeMethodAccessorImpl.java:77)
	at java.base/jdk.internal.reflect.DelegatingMethodAccessorImpl.invoke(DelegatingMethodAccessorImpl.java:43)
	at java.base/java.lang.reflect.Method.invoke(Method.java:568)
	at org.testng.internal.MethodInvocationHelper.invokeMethod(MethodInvocationHelper.java:85)
	at org.testng.internal.Invoker.invokeMethod(Invoker.java:639)
	at org.testng.internal.Invoker.invokeTestMethod(Invoker.java:816)
	at org.testng.internal.Invoker.invokeTestMethods(Invoker.java:1124)
	at org.testng.internal.TestMethodWorker.invokeTestMethods(TestMethodWorker.java:125)
	at org.testng.internal.TestMethodWorker.run(TestMethodWorker.java:108)
	at org.testng.TestRunner.privateRun(TestRunner.java:774)
	at org.testng.TestRunner.run(TestRunner.java:624)
	at org.testng.SuiteRunner.runTest(SuiteRunner.java:359)
	at org.testng.SuiteRunner.runSequentially(SuiteRunner.java:354)
	at org.testng.SuiteRunner.privateRun(SuiteRunner.java:312)
	at org.testng.SuiteRunner.run(SuiteRunner.java:261)
	at org.testng.SuiteRunnerWorker.runSuite(SuiteRunnerWorker.java:52)
	at org.testng.SuiteRunnerWorker.run(SuiteRunnerWorker.java:86)
	at org.testng.TestNG.runSuitesSequentially(TestNG.java:1215)
	at org.testng.TestNG.runSuitesLocally(TestNG.java:1140)
	at org.testng.TestNG.run(TestNG.java:1048)
	at org.testng.remote.AbstractRemoteTestNG.run(AbstractRemoteTestNG.java:115)
	at org.testng.remote.RemoteTestNG.initAndRun(RemoteTestNG.java:251)
	at org.testng.remote.RemoteTestNG.main(RemoteTestNG.java:77)
]]>
            </full-stacktrace>
          </exception> <!-- org.openqa.selenium.NoSuchElementException -->
          <reporter-output>
          </reporter-output>
        </test-method> <!-- editviewname12 -->
        <test-method is-config="true" signature="beforeMethod()[pri:0, instance:com.training.testcases.AccountTest@71075444]" started-at="2024-04-17T18:12:47Z" name="beforeMethod" finished-at="2024-04-17T18:12:47Z" duration-ms="106" status="PASS">
          <reporter-output>
          </reporter-output>
        </test-method> <!-- beforeMethod -->
        <test-method signature="mergeAccount13()[pri:0, instance:com.training.testcases.AccountTest@71075444]" started-at="2024-04-17T18:12:47Z" name="mergeAccount13" finished-at="2024-04-17T18:12:51Z" duration-ms="3407" status="PASS">
          <reporter-output>
          </reporter-output>
        </test-method> <!-- mergeAccount13 -->
      </class> <!-- com.training.testcases.AccountTest -->
    </test> <!-- Default test -->
  </suite> <!-- Default suite -->
</testng-results>
